********************************************************************************
DUPLICATOR-LITE PACKAGE-LOG: August 24, 2018 2:00 am
NOTICE: Do NOT post to public sites or forums 
********************************************************************************
VERSION:	1.2.40
WORDPRESS:	4.9.8
PHP INFO:	5.6.35 | SAPI: apache2handler
SERVER:		Apache/2.4.33 (Win64) PHP/5.6.35 
PHP TIME LIMIT: (0) no time limit imposed 
PHP MAX MEMORY: 2048M (128M default) 
MEMORY STACK: 49.5MB 

********************************************************************************
DATABASE:
********************************************************************************
BUILD MODE:   PHP(query limit - 100)
MYSQLTIMEOUT: 5000
MYSQLDUMP:    Not Supported 
TABLES: total:21 | filtered:0 | create:21 
FILTERED: [] 
SQL CREATED: 20180824_jcmujica_68bcb406a26d94388791180824015956_database.sql 
SQL FILE SIZE: 498.49KB (510457) 
SQL FILE TIME: 2018-08-24 02:00:20 
SQL RUNTIME: 1.30 sec. 

******************************************************************************** 
ARCHIVE (ZIP): 
******************************************************************************** 
ARCHIVE DIR:  C:/wamp64/www/jcmujica 
ARCHIVE FILE: 20180824_jcmujica_68bcb406a26d94388791180824015956_archive.zip 
FILTERS: *OFF* 
DIRS:
	not set 
FILES:
	not set 
EXTS:  not set 
---------------------------------------- 
COMPRESSING 
SIZE:	80.84MB 
STATS:	Dirs 510 | Files 4,964 
SQL ADDED: 20180824_jcmujica_68bcb406a26d94388791180824015956_database.sql 
ZipArchive Object
(
    [status] => 0
    [statusSys] => 0
    [numFiles] => 5474
    [filename] => C:\wamp64\www\jcmujica\wp-snapshots\tmp\20180824_jcmujica_68bcb406a26d94388791180824015956_archive.zip
    [comment] => 
)
 
COMPRESSION RESULT: '1' 
COMPRESSED SIZE: 48.23MB 
ARCHIVE RUNTIME: 132.92 sec. 
MEMORY STACK: 51MB 

******************************************************************************** 
MAKE INSTALLER: 
******************************************************************************** 
Build Start 
Build Finished 
Preping for use 
PACK SIZE:  
Template parsed with new data 
Complete [C:/wamp64/www/jcmujica/wp-snapshots/tmp/20180824_jcmujica_68bcb406a26d94388791180824015956_installer.php] 
Added to archive 

******************************************************************************** 
INTEGRITY CHECKS: 
******************************************************************************** 
SQL File: 498.49KB 
Installer File: 445.87KB 
Archive File: 48.23MB  

********************************************************************************
RECORD ID:[1]
TOTAL PROCESS RUNTIME: 143.21 sec.
PEAK PHP MEMORY USED: 53.5MB
DONE PROCESSING => 20180824_jcmujica August 24, 2018 2:02 am
 
